Using pre-set license
Built from '2020.3/release' branch; Version is '2020.3.7f1 (dd97f2c94397) revision 14522354'; Using compiler version '192528614'; Build Type 'Release'
OS: 'Windows 10 Pro; OS build 19041.804; Version 2004; 64bit' Language: 'zh' Physical Memory: 16304 MB
BatchMode: 1, IsHumanControllingUs: 0, StartBugReporterOnCrash: 0, Is64bit: 1, IsPro: 0

 COMMAND LINE ARGUMENTS:
D:\Program Files\2020.3.7f1\Editor\Unity.exe
-adb2
-batchMode
-noUpm
-name
AssetImportWorker0
-projectPath
D:/Unity_Study/GitHub_Repository/Programming-Theory-Repo/Programming Theory Project
-logFile
Logs/AssetImportWorker0.log
-srvPort
60768
Successfully changed project path to: D:/Unity_Study/GitHub_Repository/Programming-Theory-Repo/Programming Theory Project
D:/Unity_Study/GitHub_Repository/Programming-Theory-Repo/Programming Theory Project
Using Asset Import Pipeline V2.
Refreshing native plugins compatible for Editor in 31.10 ms, found 0 plugins.
Preloading 0 native plugins for Editor in 0.00 ms.
Initialize engine version: 2020.3.7f1 (dd97f2c94397)
[Subsystems] Discovering subsystems at path D:/Program Files/2020.3.7f1/Editor/Data/Resources/UnitySubsystems
[Subsystems] Discovering subsystems at path D:/Unity_Study/GitHub_Repository/Programming-Theory-Repo/Programming Theory Project/Assets
GfxDevice: creating device client; threaded=0
Direct3D:
    Version:  Direct3D 11.0 [level 11.0]
    Renderer: NVIDIA GeForce GTX 765M (ID=0x11e2)
    Vendor:   
    VRAM:     2009 MB
    Driver:   25.21.14.2531
Initialize mono
Mono path[0] = 'D:/Program Files/2020.3.7f1/Editor/Data/Managed'
Mono path[1] = 'D:/Program Files/2020.3.7f1/Editor/Data/MonoBleedingEdge/lib/mono/unityjit'
Mono config path = 'D:/Program Files/2020.3.7f1/Editor/Data/MonoBleedingEdge/etc'
Using monoOptions --debugger-agent=transport=dt_socket,embedding=1,server=y,suspend=n,address=127.0.0.1:56056
Begin MonoManager ReloadAssembly
Registering precompiled unity dll's ...
Register platform support module: D:/Program Files/2020.3.7f1/Editor/Data/PlaybackEngines/WindowsStandaloneSupport/UnityEditor.WindowsStandalone.Extensions.dll
Registered in 0.003328 seconds.
Native extension for WindowsStandalone target not found
Refreshing native plugins compatible for Editor in 34.23 ms, found 0 plugins.
Preloading 0 native plugins for Editor in 0.00 ms.
Mono: successfully reloaded assembly
- Completed reload, in  1.295 seconds
Platform modules already initialized, skipping
Registering precompiled user dll's ...
Registered in 0.001106 seconds.
Begin MonoManager ReloadAssembly
Native extension for WindowsStandalone target not found
Refreshing native plugins compatible for Editor in 0.32 ms, found 0 plugins.
Preloading 0 native plugins for Editor in 0.00 ms.
Mono: successfully reloaded assembly
- Completed reload, in  1.175 seconds
Platform modules already initialized, skipping
========================================================================
Worker process is ready to serve import requests
Launched and connected shader compiler UnityShaderCompiler.exe after 0.13 seconds
Refreshing native plugins compatible for Editor in 0.51 ms, found 0 plugins.
Preloading 0 native plugins for Editor in 0.00 ms.
Unloading 1124 Unused Serialized files (Serialized files now loaded: 0)
System memory in use before: 61.0 MB.
System memory in use after: 61.0 MB.

Unloading 10 unused Assets to reduce memory usage. Loaded Objects now: 1568.
Total: 2.393700 ms (FindLiveObjects: 0.605300 ms CreateObjectMapping: 0.122900 ms MarkObjects: 1.568100 ms  DeleteObjects: 0.095600 ms)

========================================================================
Received Import Request.
  path: Assets/Scripts/EnemySpawn.cs
  artifactKey: Guid(dc27df0ef291b4c4796d904017d4cf62) Importer(815301076,1909f56bfc062723c751e8b465ee728b)
Start importing Assets/Scripts/EnemySpawn.cs using Guid(dc27df0ef291b4c4796d904017d4cf62) Importer(815301076,1909f56bfc062723c751e8b465ee728b)  -> (artifact id: '1adcff9fc1b562bfe73e02bea6f80d50') in 0.064358 seconds
  Import took 0.066884 seconds .

========================================================================
Received Import Request.
  Time since last request: 14.172506 seconds.
  path: Assets/Prefabs/SimplePeople_Man_Business_White.prefab
  artifactKey: Guid(d2c4fe4bd5e16284e9c4532cee514f7a) Importer(815301076,1909f56bfc062723c751e8b465ee728b)
Start importing Assets/Prefabs/SimplePeople_Man_Business_White.prefab using Guid(d2c4fe4bd5e16284e9c4532cee514f7a) Importer(815301076,1909f56bfc062723c751e8b465ee728b)  -> (artifact id: '7a038295aac019a375b96b9f1b8f98e8') in 0.307447 seconds
  Import took 0.328706 seconds .

========================================================================
Received Prepare
Registering precompiled user dll's ...
Registered in 0.000996 seconds.
Begin MonoManager ReloadAssembly
Native extension for WindowsStandalone target not found
Refreshing native plugins compatible for Editor in 0.36 ms, found 0 plugins.
Preloading 0 native plugins for Editor in 0.00 ms.
Mono: successfully reloaded assembly
- Completed reload, in  1.272 seconds
Platform modules already initialized, skipping
Refreshing native plugins compatible for Editor in 0.37 ms, found 0 plugins.
Preloading 0 native plugins for Editor in 0.00 ms.
Unloading 1118 Unused Serialized files (Serialized files now loaded: 0)
System memory in use before: 77.6 MB.
System memory in use after: 77.6 MB.

Unloading 5 unused Assets to reduce memory usage. Loaded Objects now: 1579.
Total: 2.029200 ms (FindLiveObjects: 0.173300 ms CreateObjectMapping: 0.062700 ms MarkObjects: 1.718200 ms  DeleteObjects: 0.072600 ms)

========================================================================
Received Import Request.
  Time since last request: 164.147601 seconds.
  path: Assets/Prefabs/Player.prefab
  artifactKey: Guid(8091b7586cbbfae429e38b6d3d9b9f2d) Importer(815301076,1909f56bfc062723c751e8b465ee728b)
Start importing Assets/Prefabs/Player.prefab using Guid(8091b7586cbbfae429e38b6d3d9b9f2d) Importer(815301076,1909f56bfc062723c751e8b465ee728b)  -> (artifact id: 'a76bf7cec0b1201e80f4fa13ada63a78') in 0.165083 seconds
  Import took 0.168318 seconds .

========================================================================
Received Import Request.
  Time since last request: 28.104307 seconds.
  path: Assets/Prefabs/SimplePeople_Man_Business_White.prefab
  artifactKey: Guid(d2c4fe4bd5e16284e9c4532cee514f7a) Importer(815301076,1909f56bfc062723c751e8b465ee728b)
Start importing Assets/Prefabs/SimplePeople_Man_Business_White.prefab using Guid(d2c4fe4bd5e16284e9c4532cee514f7a) Importer(815301076,1909f56bfc062723c751e8b465ee728b)  -> (artifact id: '894413d03ad404c6ca95909c600b2de7') in 0.081920 seconds
  Import took 0.089589 seconds .

========================================================================
Received Prepare
Registering precompiled user dll's ...
Registered in 0.001024 seconds.
Begin MonoManager ReloadAssembly
Native extension for WindowsStandalone target not found
Refreshing native plugins compatible for Editor in 0.31 ms, found 0 plugins.
Preloading 0 native plugins for Editor in 0.00 ms.
Mono: successfully reloaded assembly
- Completed reload, in  1.120 seconds
Platform modules already initialized, skipping
Refreshing native plugins compatible for Editor in 0.31 ms, found 0 plugins.
Preloading 0 native plugins for Editor in 0.00 ms.
Unloading 1118 Unused Serialized files (Serialized files now loaded: 0)
System memory in use before: 77.6 MB.
System memory in use after: 77.7 MB.

Unloading 5 unused Assets to reduce memory usage. Loaded Objects now: 1584.
Total: 2.083200 ms (FindLiveObjects: 0.177600 ms CreateObjectMapping: 0.058300 ms MarkObjects: 1.777700 ms  DeleteObjects: 0.067500 ms)

========================================================================
Received Import Request.
  Time since last request: 161.115132 seconds.
  path: Assets/Prefabs/SimplePeople_Man_Punk_White.prefab
  artifactKey: Guid(fbbac5e7ee7381f4a9941cc6067c80cb) Importer(815301076,1909f56bfc062723c751e8b465ee728b)
Start importing Assets/Prefabs/SimplePeople_Man_Punk_White.prefab using Guid(fbbac5e7ee7381f4a9941cc6067c80cb) Importer(815301076,1909f56bfc062723c751e8b465ee728b)  -> (artifact id: '288a9155b70a6015af9ed2316c6661d4') in 0.652629 seconds
  Import took 0.661358 seconds .

========================================================================
Received Import Request.
  Time since last request: 2.128440 seconds.
  path: Assets/Prefabs/SimplePeople_Woman_Doctor_Brown.prefab
  artifactKey: Guid(719e829828b5eec45be8fc7f747508fa) Importer(815301076,1909f56bfc062723c751e8b465ee728b)
Start importing Assets/Prefabs/SimplePeople_Woman_Doctor_Brown.prefab using Guid(719e829828b5eec45be8fc7f747508fa) Importer(815301076,1909f56bfc062723c751e8b465ee728b)  -> (artifact id: 'a23123f703f50a79de9cee765161fc55') in 0.097832 seconds
  Import took 0.107424 seconds .

========================================================================
Received Prepare
Registering precompiled user dll's ...
Registered in 0.001112 seconds.
Begin MonoManager ReloadAssembly
Native extension for WindowsStandalone target not found
Refreshing native plugins compatible for Editor in 0.32 ms, found 0 plugins.
Preloading 0 native plugins for Editor in 0.00 ms.
Mono: successfully reloaded assembly
- Completed reload, in  1.281 seconds
Platform modules already initialized, skipping
Refreshing native plugins compatible for Editor in 0.34 ms, found 0 plugins.
Preloading 0 native plugins for Editor in 0.00 ms.
Unloading 1118 Unused Serialized files (Serialized files now loaded: 0)
System memory in use before: 77.7 MB.
System memory in use after: 77.8 MB.

Unloading 5 unused Assets to reduce memory usage. Loaded Objects now: 1588.
Total: 2.270100 ms (FindLiveObjects: 0.255600 ms CreateObjectMapping: 0.059100 ms MarkObjects: 1.887600 ms  DeleteObjects: 0.065200 ms)

========================================================================
Received Import Request.
  Time since last request: 61.028930 seconds.
  path: Assets/Prefabs/SimplePeople_Man_Punk_White.prefab
  artifactKey: Guid(fbbac5e7ee7381f4a9941cc6067c80cb) Importer(815301076,1909f56bfc062723c751e8b465ee728b)
Start importing Assets/Prefabs/SimplePeople_Man_Punk_White.prefab using Guid(fbbac5e7ee7381f4a9941cc6067c80cb) Importer(815301076,1909f56bfc062723c751e8b465ee728b)  -> (artifact id: '9fc23c9b65e66db2a2379b3e4e737b1b') in 0.142809 seconds
  Import took 0.150098 seconds .

========================================================================
Received Import Request.
  Time since last request: 5.183765 seconds.
  path: Assets/Prefabs/SimplePeople_Woman_Doctor_Brown.prefab
  artifactKey: Guid(719e829828b5eec45be8fc7f747508fa) Importer(815301076,1909f56bfc062723c751e8b465ee728b)
Start importing Assets/Prefabs/SimplePeople_Woman_Doctor_Brown.prefab using Guid(719e829828b5eec45be8fc7f747508fa) Importer(815301076,1909f56bfc062723c751e8b465ee728b)  -> (artifact id: '0d6fced95209c3c9049a77adf4c656e7') in 0.085150 seconds
  Import took 0.093362 seconds .

========================================================================
Received Prepare
Registering precompiled user dll's ...
Registered in 0.001682 seconds.
Begin MonoManager ReloadAssembly
Native extension for WindowsStandalone target not found
Refreshing native plugins compatible for Editor in 0.39 ms, found 0 plugins.
Preloading 0 native plugins for Editor in 0.00 ms.
Mono: successfully reloaded assembly
- Completed reload, in  1.100 seconds
Platform modules already initialized, skipping
Refreshing native plugins compatible for Editor in 0.35 ms, found 0 plugins.
Preloading 0 native plugins for Editor in 0.00 ms.
Unloading 1118 Unused Serialized files (Serialized files now loaded: 0)
System memory in use before: 77.7 MB.
System memory in use after: 77.8 MB.

Unloading 5 unused Assets to reduce memory usage. Loaded Objects now: 1592.
Total: 2.398600 ms (FindLiveObjects: 0.169100 ms CreateObjectMapping: 0.054900 ms MarkObjects: 2.104700 ms  DeleteObjects: 0.068200 ms)

========================================================================
Received Prepare
Registering precompiled user dll's ...
Registered in 0.001616 seconds.
Begin MonoManager ReloadAssembly
Native extension for WindowsStandalone target not found
Refreshing native plugins compatible for Editor in 0.31 ms, found 0 plugins.
Preloading 0 native plugins for Editor in 0.00 ms.
Mono: successfully reloaded assembly
- Completed reload, in  1.148 seconds
Platform modules already initialized, skipping
Refreshing native plugins compatible for Editor in 0.32 ms, found 0 plugins.
Preloading 0 native plugins for Editor in 0.00 ms.
Unloading 1118 Unused Serialized files (Serialized files now loaded: 0)
System memory in use before: 77.7 MB.
System memory in use after: 77.8 MB.

Unloading 5 unused Assets to reduce memory usage. Loaded Objects now: 1595.
Total: 2.578000 ms (FindLiveObjects: 0.444900 ms CreateObjectMapping: 0.131900 ms MarkObjects: 1.929600 ms  DeleteObjects: 0.069800 ms)

========================================================================
Received Import Request.
  Time since last request: 218.202293 seconds.
  path: Assets/Prefabs/SimplePeople_Man_Punk_White.prefab
  artifactKey: Guid(fbbac5e7ee7381f4a9941cc6067c80cb) Importer(815301076,1909f56bfc062723c751e8b465ee728b)
Start importing Assets/Prefabs/SimplePeople_Man_Punk_White.prefab using Guid(fbbac5e7ee7381f4a9941cc6067c80cb) Importer(815301076,1909f56bfc062723c751e8b465ee728b)  -> (artifact id: 'f9af91832c7e972e2fda47fbbbc14f8c') in 0.135012 seconds
  Import took 0.143046 seconds .

========================================================================
Received Import Request.
  Time since last request: 2.551443 seconds.
  path: Assets/Prefabs/SimplePeople_Woman_Doctor_Brown.prefab
  artifactKey: Guid(719e829828b5eec45be8fc7f747508fa) Importer(815301076,1909f56bfc062723c751e8b465ee728b)
Start importing Assets/Prefabs/SimplePeople_Woman_Doctor_Brown.prefab using Guid(719e829828b5eec45be8fc7f747508fa) Importer(815301076,1909f56bfc062723c751e8b465ee728b)  -> (artifact id: '85b88d119fcf4db454bda1148664cd19') in 0.072905 seconds
  Import took 0.080445 seconds .

========================================================================
Received Prepare
Registering precompiled user dll's ...
Registered in 0.001486 seconds.
Begin MonoManager ReloadAssembly
Native extension for WindowsStandalone target not found
Refreshing native plugins compatible for Editor in 0.31 ms, found 0 plugins.
Preloading 0 native plugins for Editor in 0.00 ms.
Mono: successfully reloaded assembly
- Completed reload, in  1.121 seconds
Platform modules already initialized, skipping
Refreshing native plugins compatible for Editor in 0.39 ms, found 0 plugins.
Preloading 0 native plugins for Editor in 0.00 ms.
Unloading 1118 Unused Serialized files (Serialized files now loaded: 0)
System memory in use before: 77.7 MB.
System memory in use after: 77.8 MB.

Unloading 5 unused Assets to reduce memory usage. Loaded Objects now: 1599.
Total: 2.612300 ms (FindLiveObjects: 0.418100 ms CreateObjectMapping: 0.139700 ms MarkObjects: 1.980800 ms  DeleteObjects: 0.071000 ms)

========================================================================
Received Import Request.
  Time since last request: 45.515295 seconds.
  path: Assets/Prefabs/SimplePeople_Man_Punk_White.prefab
  artifactKey: Guid(fbbac5e7ee7381f4a9941cc6067c80cb) Importer(815301076,1909f56bfc062723c751e8b465ee728b)
Start importing Assets/Prefabs/SimplePeople_Man_Punk_White.prefab using Guid(fbbac5e7ee7381f4a9941cc6067c80cb) Importer(815301076,1909f56bfc062723c751e8b465ee728b)  -> (artifact id: '90ce7b7b098732e2ed0c636bd0d95fab') in 0.129521 seconds
  Import took 0.141209 seconds .

========================================================================
Received Import Request.
  Time since last request: 2.757782 seconds.
  path: Assets/Prefabs/SimplePeople_Woman_Doctor_Brown.prefab
  artifactKey: Guid(719e829828b5eec45be8fc7f747508fa) Importer(815301076,1909f56bfc062723c751e8b465ee728b)
Start importing Assets/Prefabs/SimplePeople_Woman_Doctor_Brown.prefab using Guid(719e829828b5eec45be8fc7f747508fa) Importer(815301076,1909f56bfc062723c751e8b465ee728b)  -> (artifact id: '0bc6f59973c743311961b2128e315e90') in 0.069714 seconds
  Import took 0.078181 seconds .

========================================================================
Received Prepare
Registering precompiled user dll's ...
Registered in 0.001140 seconds.
Begin MonoManager ReloadAssembly
Native extension for WindowsStandalone target not found
Refreshing native plugins compatible for Editor in 0.49 ms, found 0 plugins.
Preloading 0 native plugins for Editor in 0.00 ms.
Mono: successfully reloaded assembly
- Completed reload, in  1.505 seconds
Platform modules already initialized, skipping
Refreshing native plugins compatible for Editor in 0.64 ms, found 0 plugins.
Preloading 0 native plugins for Editor in 0.00 ms.
Unloading 1118 Unused Serialized files (Serialized files now loaded: 0)
System memory in use before: 77.8 MB.
System memory in use after: 77.9 MB.

Unloading 5 unused Assets to reduce memory usage. Loaded Objects now: 1603.
Total: 5.197000 ms (FindLiveObjects: 0.217200 ms CreateObjectMapping: 0.051600 ms MarkObjects: 4.851300 ms  DeleteObjects: 0.074400 ms)

========================================================================
Received Prepare
Registering precompiled user dll's ...
Registered in 0.001087 seconds.
Begin MonoManager ReloadAssembly
Native extension for WindowsStandalone target not found
Refreshing native plugins compatible for Editor in 0.34 ms, found 0 plugins.
Preloading 0 native plugins for Editor in 0.00 ms.
Mono: successfully reloaded assembly
- Completed reload, in  1.166 seconds
Platform modules already initialized, skipping
Refreshing native plugins compatible for Editor in 0.51 ms, found 0 plugins.
Preloading 0 native plugins for Editor in 0.00 ms.
Unloading 1131 Unused Serialized files (Serialized files now loaded: 0)
System memory in use before: 79.8 MB.
System memory in use after: 79.2 MB.

Unloading 18 unused Assets to reduce memory usage. Loaded Objects now: 1606.
Total: 4.406300 ms (FindLiveObjects: 0.546600 ms CreateObjectMapping: 0.414100 ms MarkObjects: 2.992700 ms  DeleteObjects: 0.450000 ms)

========================================================================
Received Prepare
Registering precompiled user dll's ...
Registered in 0.000991 seconds.
Begin MonoManager ReloadAssembly
Native extension for WindowsStandalone target not found
Refreshing native plugins compatible for Editor in 0.33 ms, found 0 plugins.
Preloading 0 native plugins for Editor in 0.00 ms.
Mono: successfully reloaded assembly
- Completed reload, in  1.125 seconds
Platform modules already initialized, skipping
Refreshing native plugins compatible for Editor in 0.33 ms, found 0 plugins.
Preloading 0 native plugins for Editor in 0.00 ms.
Unloading 1131 Unused Serialized files (Serialized files now loaded: 0)
System memory in use before: 79.8 MB.
System memory in use after: 79.2 MB.

Unloading 18 unused Assets to reduce memory usage. Loaded Objects now: 1609.
Total: 2.801400 ms (FindLiveObjects: 0.290400 ms CreateObjectMapping: 0.097500 ms MarkObjects: 1.965000 ms  DeleteObjects: 0.446000 ms)

========================================================================
Received Prepare
Registering precompiled user dll's ...
Registered in 0.001259 seconds.
Begin MonoManager ReloadAssembly
Native extension for WindowsStandalone target not found
Refreshing native plugins compatible for Editor in 0.32 ms, found 0 plugins.
Preloading 0 native plugins for Editor in 0.00 ms.
Mono: successfully reloaded assembly
- Completed reload, in  1.091 seconds
Platform modules already initialized, skipping
Refreshing native plugins compatible for Editor in 0.33 ms, found 0 plugins.
Preloading 0 native plugins for Editor in 0.00 ms.
Unloading 1131 Unused Serialized files (Serialized files now loaded: 0)
System memory in use before: 79.8 MB.
System memory in use after: 79.2 MB.

Unloading 18 unused Assets to reduce memory usage. Loaded Objects now: 1612.
Total: 3.582000 ms (FindLiveObjects: 0.230100 ms CreateObjectMapping: 0.110800 ms MarkObjects: 2.791200 ms  DeleteObjects: 0.447900 ms)

AssetImportWorkerClient::OnTransportError - code=2 error=End of file
