Using pre-set license
Built from '2020.3/release' branch; Version is '2020.3.7f1 (dd97f2c94397) revision 14522354'; Using compiler version '192528614'; Build Type 'Release'
OS: 'Windows 10 Pro; OS build 19041.804; Version 2004; 64bit' Language: 'zh' Physical Memory: 16304 MB
BatchMode: 1, IsHumanControllingUs: 0, StartBugReporterOnCrash: 0, Is64bit: 1, IsPro: 0

 COMMAND LINE ARGUMENTS:
D:\Program Files\2020.3.7f1\Editor\Unity.exe
-adb2
-batchMode
-noUpm
-name
AssetImportWorker0
-projectPath
D:/Unity_Study/GitHub_Repository/Programming-Theory-Repo/Programming Theory Project
-logFile
Logs/AssetImportWorker0.log
-srvPort
62770
Successfully changed project path to: D:/Unity_Study/GitHub_Repository/Programming-Theory-Repo/Programming Theory Project
D:/Unity_Study/GitHub_Repository/Programming-Theory-Repo/Programming Theory Project
Using Asset Import Pipeline V2.
Refreshing native plugins compatible for Editor in 31.15 ms, found 0 plugins.
Preloading 0 native plugins for Editor in 0.00 ms.
Initialize engine version: 2020.3.7f1 (dd97f2c94397)
[Subsystems] Discovering subsystems at path D:/Program Files/2020.3.7f1/Editor/Data/Resources/UnitySubsystems
[Subsystems] Discovering subsystems at path D:/Unity_Study/GitHub_Repository/Programming-Theory-Repo/Programming Theory Project/Assets
GfxDevice: creating device client; threaded=0
Direct3D:
    Version:  Direct3D 11.0 [level 11.0]
    Renderer: NVIDIA GeForce GTX 765M (ID=0x11e2)
    Vendor:   
    VRAM:     2009 MB
    Driver:   25.21.14.2531
Initialize mono
Mono path[0] = 'D:/Program Files/2020.3.7f1/Editor/Data/Managed'
Mono path[1] = 'D:/Program Files/2020.3.7f1/Editor/Data/MonoBleedingEdge/lib/mono/unityjit'
Mono config path = 'D:/Program Files/2020.3.7f1/Editor/Data/MonoBleedingEdge/etc'
Using monoOptions --debugger-agent=transport=dt_socket,embedding=1,server=y,suspend=n,address=127.0.0.1:56096
Begin MonoManager ReloadAssembly
Registering precompiled unity dll's ...
Register platform support module: D:/Program Files/2020.3.7f1/Editor/Data/PlaybackEngines/WindowsStandaloneSupport/UnityEditor.WindowsStandalone.Extensions.dll
Registered in 0.005435 seconds.
Native extension for WindowsStandalone target not found
Refreshing native plugins compatible for Editor in 34.21 ms, found 0 plugins.
Preloading 0 native plugins for Editor in 0.00 ms.
Mono: successfully reloaded assembly
- Completed reload, in  1.322 seconds
Platform modules already initialized, skipping
Registering precompiled user dll's ...
Registered in 0.001125 seconds.
Begin MonoManager ReloadAssembly
Native extension for WindowsStandalone target not found
Refreshing native plugins compatible for Editor in 0.34 ms, found 0 plugins.
Preloading 0 native plugins for Editor in 0.00 ms.
Mono: successfully reloaded assembly
- Completed reload, in  1.107 seconds
Platform modules already initialized, skipping
========================================================================
Worker process is ready to serve import requests
Launched and connected shader compiler UnityShaderCompiler.exe after 2.54 seconds
Refreshing native plugins compatible for Editor in 0.33 ms, found 0 plugins.
Preloading 0 native plugins for Editor in 0.00 ms.
Unloading 1144 Unused Serialized files (Serialized files now loaded: 0)
System memory in use before: 63.9 MB.
System memory in use after: 64.0 MB.

Unloading 10 unused Assets to reduce memory usage. Loaded Objects now: 1590.
Total: 2.569700 ms (FindLiveObjects: 0.276200 ms CreateObjectMapping: 0.116600 ms MarkObjects: 2.047700 ms  DeleteObjects: 0.126800 ms)

========================================================================
Received Import Request.
  path: Assets/Scripts/Vehicles/BlueCar.cs
  artifactKey: Guid(9bc11a9f2e49f1a49a56ac32644d45b0) Importer(815301076,1909f56bfc062723c751e8b465ee728b)
Start importing Assets/Scripts/Vehicles/BlueCar.cs using Guid(9bc11a9f2e49f1a49a56ac32644d45b0) Importer(815301076,1909f56bfc062723c751e8b465ee728b)  -> (artifact id: '8c2f0038788e2ff8c77e4a830b26999f') in 0.460751 seconds
  Import took 0.463457 seconds .

========================================================================
Received Prepare
Refreshing native plugins compatible for Editor in 1.82 ms, found 0 plugins.
Preloading 0 native plugins for Editor in 0.00 ms.
Unloading 3 Unused Serialized files (Serialized files now loaded: 0)
System memory in use before: 39.7 MB.
System memory in use after: 39.8 MB.

Unloading 3 unused Assets to reduce memory usage. Loaded Objects now: 1590.
Total: 4.407700 ms (FindLiveObjects: 0.329400 ms CreateObjectMapping: 0.142000 ms MarkObjects: 3.719100 ms  DeleteObjects: 0.214400 ms)

========================================================================
Received Prepare
Registering precompiled user dll's ...
Registered in 0.001063 seconds.
Begin MonoManager ReloadAssembly
Native extension for WindowsStandalone target not found
Refreshing native plugins compatible for Editor in 0.32 ms, found 0 plugins.
Preloading 0 native plugins for Editor in 0.00 ms.
Mono: successfully reloaded assembly
- Completed reload, in  1.183 seconds
Platform modules already initialized, skipping
Refreshing native plugins compatible for Editor in 0.33 ms, found 0 plugins.
Preloading 0 native plugins for Editor in 0.00 ms.
Unloading 1125 Unused Serialized files (Serialized files now loaded: 0)
System memory in use before: 62.5 MB.
System memory in use after: 62.5 MB.

Unloading 5 unused Assets to reduce memory usage. Loaded Objects now: 1593.
Total: 2.934200 ms (FindLiveObjects: 0.282100 ms CreateObjectMapping: 0.118600 ms MarkObjects: 2.440800 ms  DeleteObjects: 0.090300 ms)

========================================================================
Received Prepare
Registering precompiled user dll's ...
Registered in 0.000988 seconds.
Begin MonoManager ReloadAssembly
Native extension for WindowsStandalone target not found
Refreshing native plugins compatible for Editor in 0.33 ms, found 0 plugins.
Preloading 0 native plugins for Editor in 0.00 ms.
Mono: successfully reloaded assembly
- Completed reload, in  1.237 seconds
Platform modules already initialized, skipping
Refreshing native plugins compatible for Editor in 0.33 ms, found 0 plugins.
Preloading 0 native plugins for Editor in 0.00 ms.
Unloading 1125 Unused Serialized files (Serialized files now loaded: 0)
System memory in use before: 62.5 MB.
System memory in use after: 62.6 MB.

Unloading 5 unused Assets to reduce memory usage. Loaded Objects now: 1596.
Total: 2.572500 ms (FindLiveObjects: 0.313200 ms CreateObjectMapping: 0.116000 ms MarkObjects: 2.056800 ms  DeleteObjects: 0.083800 ms)

========================================================================
Received Import Request.
  Time since last request: 400.491824 seconds.
  path: Assets/Scripts/Vehicles/BlueCar.cs
  artifactKey: Guid(9bc11a9f2e49f1a49a56ac32644d45b0) Importer(815301076,1909f56bfc062723c751e8b465ee728b)
Start importing Assets/Scripts/Vehicles/BlueCar.cs using Guid(9bc11a9f2e49f1a49a56ac32644d45b0) Importer(815301076,1909f56bfc062723c751e8b465ee728b)  -> (artifact id: 'a2d8998165352d65045cb2dba7dd3e2c') in 0.006865 seconds
  Import took 0.009365 seconds .

========================================================================
Received Prepare
Registering precompiled user dll's ...
Registered in 0.001218 seconds.
Begin MonoManager ReloadAssembly
Native extension for WindowsStandalone target not found
Refreshing native plugins compatible for Editor in 0.33 ms, found 0 plugins.
Preloading 0 native plugins for Editor in 0.00 ms.
Mono: successfully reloaded assembly
- Completed reload, in  1.162 seconds
Platform modules already initialized, skipping
Refreshing native plugins compatible for Editor in 0.42 ms, found 0 plugins.
Preloading 0 native plugins for Editor in 0.00 ms.
Unloading 1125 Unused Serialized files (Serialized files now loaded: 0)
System memory in use before: 62.5 MB.
System memory in use after: 62.6 MB.

Unloading 5 unused Assets to reduce memory usage. Loaded Objects now: 1599.
Total: 2.241400 ms (FindLiveObjects: 0.157200 ms CreateObjectMapping: 0.048300 ms MarkObjects: 1.951500 ms  DeleteObjects: 0.082200 ms)

========================================================================
Received Import Request.
  Time since last request: 57.917008 seconds.
  path: Assets/Scripts/Vehicles/RedCar.cs
  artifactKey: Guid(03659a40f5d617f428e677a0e54c8603) Importer(815301076,1909f56bfc062723c751e8b465ee728b)
Start importing Assets/Scripts/Vehicles/RedCar.cs using Guid(03659a40f5d617f428e677a0e54c8603) Importer(815301076,1909f56bfc062723c751e8b465ee728b)  -> (artifact id: '8b01e9749fdeb9b5b72f24737c04aba8') in 0.032252 seconds
  Import took 0.035249 seconds .

========================================================================
Received Import Request.
  Time since last request: 0.598080 seconds.
  path: Assets/Scripts/Vehicles/Bus.cs
  artifactKey: Guid(a53e856793678ad4fb7e5e1af656f236) Importer(815301076,1909f56bfc062723c751e8b465ee728b)
Start importing Assets/Scripts/Vehicles/Bus.cs using Guid(a53e856793678ad4fb7e5e1af656f236) Importer(815301076,1909f56bfc062723c751e8b465ee728b)  -> (artifact id: '3d87c4918b939ddfb2e18627b98af153') in 0.006458 seconds
  Import took 0.009153 seconds .

========================================================================
Received Import Request.
  Time since last request: 0.000809 seconds.
  path: Assets/Scripts/Vehicles/Bus.cs
  artifactKey: Guid(a53e856793678ad4fb7e5e1af656f236) Importer(815301076,1909f56bfc062723c751e8b465ee728b)
Start importing Assets/Scripts/Vehicles/Bus.cs using Guid(a53e856793678ad4fb7e5e1af656f236) Importer(815301076,1909f56bfc062723c751e8b465ee728b)  -> (artifact id: '3d87c4918b939ddfb2e18627b98af153') in 0.006857 seconds
  Import took 0.010076 seconds .

========================================================================
Received Prepare
Registering precompiled user dll's ...
Registered in 0.001568 seconds.
Begin MonoManager ReloadAssembly
Native extension for WindowsStandalone target not found
Refreshing native plugins compatible for Editor in 0.35 ms, found 0 plugins.
Preloading 0 native plugins for Editor in 0.00 ms.
Mono: successfully reloaded assembly
- Completed reload, in  1.204 seconds
Platform modules already initialized, skipping
Refreshing native plugins compatible for Editor in 0.34 ms, found 0 plugins.
Preloading 0 native plugins for Editor in 0.00 ms.
Unloading 1125 Unused Serialized files (Serialized files now loaded: 0)
System memory in use before: 62.5 MB.
System memory in use after: 62.6 MB.

Unloading 5 unused Assets to reduce memory usage. Loaded Objects now: 1602.
Total: 2.739500 ms (FindLiveObjects: 0.271000 ms CreateObjectMapping: 0.065100 ms MarkObjects: 2.251000 ms  DeleteObjects: 0.149300 ms)

========================================================================
Received Import Request.
  Time since last request: 72.298042 seconds.
  path: Assets/Scripts/Vehicles/Bus.cs
  artifactKey: Guid(a53e856793678ad4fb7e5e1af656f236) Importer(815301076,1909f56bfc062723c751e8b465ee728b)
Start importing Assets/Scripts/Vehicles/Bus.cs using Guid(a53e856793678ad4fb7e5e1af656f236) Importer(815301076,1909f56bfc062723c751e8b465ee728b)  -> (artifact id: '0e29f55e765f1edf62fffaee9ae20e8f') in 0.007125 seconds
  Import took 0.009524 seconds .

========================================================================
Received Import Request.
  Time since last request: 0.711634 seconds.
  path: Assets/Scripts/Vehicles/GreenCar.cs
  artifactKey: Guid(95823a7cc8a0ab548b0e8f34b974d13f) Importer(815301076,1909f56bfc062723c751e8b465ee728b)
Start importing Assets/Scripts/Vehicles/GreenCar.cs using Guid(95823a7cc8a0ab548b0e8f34b974d13f) Importer(815301076,1909f56bfc062723c751e8b465ee728b)  -> (artifact id: 'fe80d62bd56372fc515baebf64470350') in 0.006664 seconds
  Import took 0.009475 seconds .

========================================================================
Received Import Request.
  Time since last request: 0.000545 seconds.
  path: Assets/Scripts/Vehicles/GreenCar.cs
  artifactKey: Guid(95823a7cc8a0ab548b0e8f34b974d13f) Importer(815301076,1909f56bfc062723c751e8b465ee728b)
Start importing Assets/Scripts/Vehicles/GreenCar.cs using Guid(95823a7cc8a0ab548b0e8f34b974d13f) Importer(815301076,1909f56bfc062723c751e8b465ee728b)  -> (artifact id: 'fe80d62bd56372fc515baebf64470350') in 0.006387 seconds
  Import took 0.009358 seconds .

========================================================================
Received Prepare
Registering precompiled user dll's ...
Registered in 0.001390 seconds.
Begin MonoManager ReloadAssembly
Native extension for WindowsStandalone target not found
Refreshing native plugins compatible for Editor in 0.34 ms, found 0 plugins.
Preloading 0 native plugins for Editor in 0.00 ms.
Mono: successfully reloaded assembly
- Completed reload, in  1.191 seconds
Platform modules already initialized, skipping
Refreshing native plugins compatible for Editor in 0.33 ms, found 0 plugins.
Preloading 0 native plugins for Editor in 0.00 ms.
Unloading 1125 Unused Serialized files (Serialized files now loaded: 0)
System memory in use before: 62.5 MB.
System memory in use after: 62.6 MB.

Unloading 5 unused Assets to reduce memory usage. Loaded Objects now: 1605.
Total: 3.213100 ms (FindLiveObjects: 0.268700 ms CreateObjectMapping: 0.085100 ms MarkObjects: 2.747100 ms  DeleteObjects: 0.109800 ms)

========================================================================
Received Import Request.
  Time since last request: 142.114434 seconds.
  path: Assets/Scripts/Vehicles/GreenCar.cs
  artifactKey: Guid(95823a7cc8a0ab548b0e8f34b974d13f) Importer(815301076,1909f56bfc062723c751e8b465ee728b)
Start importing Assets/Scripts/Vehicles/GreenCar.cs using Guid(95823a7cc8a0ab548b0e8f34b974d13f) Importer(815301076,1909f56bfc062723c751e8b465ee728b)  -> (artifact id: 'e09145d3a963ba864a960878e8079649') in 0.006825 seconds
  Import took 0.009238 seconds .

========================================================================
Received Prepare
Registering precompiled user dll's ...
Registered in 0.001523 seconds.
Begin MonoManager ReloadAssembly
Native extension for WindowsStandalone target not found
Refreshing native plugins compatible for Editor in 0.31 ms, found 0 plugins.
Preloading 0 native plugins for Editor in 0.00 ms.
Mono: successfully reloaded assembly
- Completed reload, in  1.207 seconds
Platform modules already initialized, skipping
Refreshing native plugins compatible for Editor in 0.33 ms, found 0 plugins.
Preloading 0 native plugins for Editor in 0.00 ms.
Unloading 1125 Unused Serialized files (Serialized files now loaded: 0)
System memory in use before: 62.5 MB.
System memory in use after: 62.6 MB.

Unloading 5 unused Assets to reduce memory usage. Loaded Objects now: 1608.
Total: 2.830200 ms (FindLiveObjects: 0.265900 ms CreateObjectMapping: 0.204600 ms MarkObjects: 2.271400 ms  DeleteObjects: 0.086400 ms)

========================================================================
Received Import Request.
  Time since last request: 40.605317 seconds.
  path: Assets/Scripts/Vehicles/GreenCar.cs
  artifactKey: Guid(95823a7cc8a0ab548b0e8f34b974d13f) Importer(815301076,1909f56bfc062723c751e8b465ee728b)
Start importing Assets/Scripts/Vehicles/GreenCar.cs using Guid(95823a7cc8a0ab548b0e8f34b974d13f) Importer(815301076,1909f56bfc062723c751e8b465ee728b)  -> (artifact id: '6dfe8fb2cba8b97efa92cce636a78598') in 0.006990 seconds
  Import took 0.009576 seconds .

========================================================================
Received Prepare
Registering precompiled user dll's ...
Registered in 0.001138 seconds.
Begin MonoManager ReloadAssembly
Native extension for WindowsStandalone target not found
Refreshing native plugins compatible for Editor in 0.32 ms, found 0 plugins.
Preloading 0 native plugins for Editor in 0.00 ms.
Mono: successfully reloaded assembly
- Completed reload, in  1.154 seconds
Platform modules already initialized, skipping
Refreshing native plugins compatible for Editor in 0.33 ms, found 0 plugins.
Preloading 0 native plugins for Editor in 0.00 ms.
Unloading 1125 Unused Serialized files (Serialized files now loaded: 0)
System memory in use before: 62.6 MB.
System memory in use after: 62.6 MB.

Unloading 5 unused Assets to reduce memory usage. Loaded Objects now: 1611.
Total: 2.268800 ms (FindLiveObjects: 0.246800 ms CreateObjectMapping: 0.121100 ms MarkObjects: 1.799000 ms  DeleteObjects: 0.099900 ms)

========================================================================
Received Import Request.
  Time since last request: 315.718123 seconds.
  path: Assets/Scripts/DataTransit.cs
  artifactKey: Guid(14ec1ae8440d9f54e84192209f5cfaf2) Importer(815301076,1909f56bfc062723c751e8b465ee728b)
Start importing Assets/Scripts/DataTransit.cs using Guid(14ec1ae8440d9f54e84192209f5cfaf2) Importer(815301076,1909f56bfc062723c751e8b465ee728b)  -> (artifact id: 'e037474415fb8872ca17df7998ac8c74') in 0.010896 seconds
  Import took 0.013843 seconds .

========================================================================
Received Import Request.
  Time since last request: 0.001012 seconds.
  path: Assets/Scripts/DataTransit.cs
  artifactKey: Guid(14ec1ae8440d9f54e84192209f5cfaf2) Importer(815301076,1909f56bfc062723c751e8b465ee728b)
Start importing Assets/Scripts/DataTransit.cs using Guid(14ec1ae8440d9f54e84192209f5cfaf2) Importer(815301076,1909f56bfc062723c751e8b465ee728b)  -> (artifact id: 'e037474415fb8872ca17df7998ac8c74') in 0.006998 seconds
  Import took 0.010200 seconds .

========================================================================
Received Prepare
Registering precompiled user dll's ...
Registered in 0.001053 seconds.
Begin MonoManager ReloadAssembly
Native extension for WindowsStandalone target not found
Refreshing native plugins compatible for Editor in 0.53 ms, found 0 plugins.
Preloading 0 native plugins for Editor in 0.00 ms.
Mono: successfully reloaded assembly
- Completed reload, in  1.444 seconds
Platform modules already initialized, skipping
Refreshing native plugins compatible for Editor in 0.38 ms, found 0 plugins.
Preloading 0 native plugins for Editor in 0.00 ms.
Unloading 1125 Unused Serialized files (Serialized files now loaded: 0)
System memory in use before: 62.6 MB.
System memory in use after: 62.6 MB.

Unloading 5 unused Assets to reduce memory usage. Loaded Objects now: 1614.
Total: 2.098700 ms (FindLiveObjects: 0.222000 ms CreateObjectMapping: 0.066600 ms MarkObjects: 1.721700 ms  DeleteObjects: 0.086300 ms)

========================================================================
Received Import Request.
  Time since last request: 1546.065909 seconds.
  path: Assets/Scripts/DataTransit.cs
  artifactKey: Guid(14ec1ae8440d9f54e84192209f5cfaf2) Importer(815301076,1909f56bfc062723c751e8b465ee728b)
Start importing Assets/Scripts/DataTransit.cs using Guid(14ec1ae8440d9f54e84192209f5cfaf2) Importer(815301076,1909f56bfc062723c751e8b465ee728b)  -> (artifact id: 'f6cefc9c863ee3bf404e1b4d60693660') in 0.009290 seconds
  Import took 0.012007 seconds .

========================================================================
Received Prepare
Registering precompiled user dll's ...
Registered in 0.001053 seconds.
Begin MonoManager ReloadAssembly
Native extension for WindowsStandalone target not found
Refreshing native plugins compatible for Editor in 0.35 ms, found 0 plugins.
Preloading 0 native plugins for Editor in 0.00 ms.
Mono: successfully reloaded assembly
- Completed reload, in  1.247 seconds
Platform modules already initialized, skipping
Refreshing native plugins compatible for Editor in 0.37 ms, found 0 plugins.
Preloading 0 native plugins for Editor in 0.00 ms.
Unloading 1125 Unused Serialized files (Serialized files now loaded: 0)
System memory in use before: 62.6 MB.
System memory in use after: 62.6 MB.

Unloading 5 unused Assets to reduce memory usage. Loaded Objects now: 1617.
Total: 2.339600 ms (FindLiveObjects: 0.309800 ms CreateObjectMapping: 0.078000 ms MarkObjects: 1.831500 ms  DeleteObjects: 0.118200 ms)

========================================================================
Received Import Request.
  Time since last request: 213.123838 seconds.
  path: Assets/Scenes/Main.unity
  artifactKey: Guid(65780401eb30f4f49adcc84c4ab75464) Importer(815301076,1909f56bfc062723c751e8b465ee728b)
Start importing Assets/Scenes/Main.unity using Guid(65780401eb30f4f49adcc84c4ab75464) Importer(815301076,1909f56bfc062723c751e8b465ee728b)  -> (artifact id: '5224d0806f56a5b5d90c09ac58bb51cf') in 0.026784 seconds
  Import took 0.029778 seconds .

========================================================================
Received Prepare
Registering precompiled user dll's ...
Registered in 0.001039 seconds.
Begin MonoManager ReloadAssembly
Native extension for WindowsStandalone target not found
Refreshing native plugins compatible for Editor in 0.33 ms, found 0 plugins.
Preloading 0 native plugins for Editor in 0.00 ms.
Mono: successfully reloaded assembly
- Completed reload, in  1.205 seconds
Platform modules already initialized, skipping
Refreshing native plugins compatible for Editor in 0.33 ms, found 0 plugins.
Preloading 0 native plugins for Editor in 0.00 ms.
Unloading 1125 Unused Serialized files (Serialized files now loaded: 0)
System memory in use before: 62.6 MB.
System memory in use after: 62.6 MB.

Unloading 5 unused Assets to reduce memory usage. Loaded Objects now: 1620.
Total: 2.053800 ms (FindLiveObjects: 0.203600 ms CreateObjectMapping: 0.048000 ms MarkObjects: 1.681700 ms  DeleteObjects: 0.116700 ms)

========================================================================
Received Prepare
Registering precompiled user dll's ...
Registered in 0.001062 seconds.
Begin MonoManager ReloadAssembly
Native extension for WindowsStandalone target not found
Refreshing native plugins compatible for Editor in 0.33 ms, found 0 plugins.
Preloading 0 native plugins for Editor in 0.00 ms.
Mono: successfully reloaded assembly
- Completed reload, in  1.268 seconds
Platform modules already initialized, skipping
Refreshing native plugins compatible for Editor in 0.33 ms, found 0 plugins.
Preloading 0 native plugins for Editor in 0.00 ms.
Unloading 1125 Unused Serialized files (Serialized files now loaded: 0)
System memory in use before: 62.6 MB.
System memory in use after: 62.7 MB.

Unloading 5 unused Assets to reduce memory usage. Loaded Objects now: 1623.
Total: 2.650600 ms (FindLiveObjects: 0.443800 ms CreateObjectMapping: 0.128800 ms MarkObjects: 1.954600 ms  DeleteObjects: 0.120700 ms)

========================================================================
Received Import Request.
  Time since last request: 1049.813299 seconds.
  path: Assets/Scenes/TitleScreen.unity
  artifactKey: Guid(abfefc5d6e3204a4ebc54d4e7b1cbabe) Importer(815301076,1909f56bfc062723c751e8b465ee728b)
Start importing Assets/Scenes/TitleScreen.unity using Guid(abfefc5d6e3204a4ebc54d4e7b1cbabe) Importer(815301076,1909f56bfc062723c751e8b465ee728b)  -> (artifact id: '236cad78a1842b9d9dce680dfffbef0a') in 0.024890 seconds
  Import took 0.029082 seconds .

========================================================================
Received Import Request.
  Time since last request: 0.002814 seconds.
  path: Assets/Scenes/TitleScreen.unity
  artifactKey: Guid(abfefc5d6e3204a4ebc54d4e7b1cbabe) Importer(815301076,1909f56bfc062723c751e8b465ee728b)
Start importing Assets/Scenes/TitleScreen.unity using Guid(abfefc5d6e3204a4ebc54d4e7b1cbabe) Importer(815301076,1909f56bfc062723c751e8b465ee728b)  -> (artifact id: '236cad78a1842b9d9dce680dfffbef0a') in 0.011091 seconds
  Import took 0.014036 seconds .

========================================================================
Received Prepare
Registering precompiled user dll's ...
Registered in 0.001122 seconds.
Begin MonoManager ReloadAssembly
Native extension for WindowsStandalone target not found
Refreshing native plugins compatible for Editor in 0.35 ms, found 0 plugins.
Preloading 0 native plugins for Editor in 0.00 ms.
Mono: successfully reloaded assembly
- Completed reload, in  1.258 seconds
Platform modules already initialized, skipping
Refreshing native plugins compatible for Editor in 0.34 ms, found 0 plugins.
Preloading 0 native plugins for Editor in 0.00 ms.
Unloading 1125 Unused Serialized files (Serialized files now loaded: 0)
System memory in use before: 62.6 MB.
System memory in use after: 62.7 MB.

Unloading 5 unused Assets to reduce memory usage. Loaded Objects now: 1626.
Total: 2.709200 ms (FindLiveObjects: 0.277100 ms CreateObjectMapping: 0.067500 ms MarkObjects: 2.256300 ms  DeleteObjects: 0.106200 ms)

========================================================================
Received Prepare
Registering precompiled user dll's ...
Registered in 0.001092 seconds.
Begin MonoManager ReloadAssembly
Native extension for WindowsStandalone target not found
Refreshing native plugins compatible for Editor in 0.51 ms, found 0 plugins.
Preloading 0 native plugins for Editor in 0.00 ms.
Mono: successfully reloaded assembly
- Completed reload, in  1.253 seconds
Platform modules already initialized, skipping
Refreshing native plugins compatible for Editor in 0.36 ms, found 0 plugins.
Preloading 0 native plugins for Editor in 0.00 ms.
Unloading 1125 Unused Serialized files (Serialized files now loaded: 0)
System memory in use before: 62.6 MB.
System memory in use after: 62.7 MB.

Unloading 5 unused Assets to reduce memory usage. Loaded Objects now: 1629.
Total: 2.765500 ms (FindLiveObjects: 0.430200 ms CreateObjectMapping: 0.130200 ms MarkObjects: 2.105700 ms  DeleteObjects: 0.097300 ms)

========================================================================
Received Prepare
Registering precompiled user dll's ...
Registered in 0.001252 seconds.
Begin MonoManager ReloadAssembly
Native extension for WindowsStandalone target not found
Refreshing native plugins compatible for Editor in 0.33 ms, found 0 plugins.
Preloading 0 native plugins for Editor in 0.00 ms.
Mono: successfully reloaded assembly
- Completed reload, in  1.096 seconds
Platform modules already initialized, skipping
Refreshing native plugins compatible for Editor in 0.33 ms, found 0 plugins.
Preloading 0 native plugins for Editor in 0.00 ms.
Unloading 1125 Unused Serialized files (Serialized files now loaded: 0)
System memory in use before: 62.6 MB.
System memory in use after: 62.7 MB.

Unloading 5 unused Assets to reduce memory usage. Loaded Objects now: 1632.
Total: 2.328000 ms (FindLiveObjects: 0.272400 ms CreateObjectMapping: 0.066100 ms MarkObjects: 1.903200 ms  DeleteObjects: 0.084300 ms)

========================================================================
Received Import Request.
  Time since last request: 550.888640 seconds.
  path: Assets/Scenes/Main.unity
  artifactKey: Guid(65780401eb30f4f49adcc84c4ab75464) Importer(815301076,1909f56bfc062723c751e8b465ee728b)
Start importing Assets/Scenes/Main.unity using Guid(65780401eb30f4f49adcc84c4ab75464) Importer(815301076,1909f56bfc062723c751e8b465ee728b)  -> (artifact id: '2c9f4fca6f304c99bb145f2e2f0031eb') in 0.020833 seconds
  Import took 0.024233 seconds .

========================================================================
Received Prepare
Registering precompiled user dll's ...
Registered in 0.001229 seconds.
Begin MonoManager ReloadAssembly
Native extension for WindowsStandalone target not found
Refreshing native plugins compatible for Editor in 0.34 ms, found 0 plugins.
Preloading 0 native plugins for Editor in 0.00 ms.
Mono: successfully reloaded assembly
- Completed reload, in  1.279 seconds
Platform modules already initialized, skipping
Refreshing native plugins compatible for Editor in 0.37 ms, found 0 plugins.
Preloading 0 native plugins for Editor in 0.00 ms.
Unloading 1125 Unused Serialized files (Serialized files now loaded: 0)
System memory in use before: 62.6 MB.
System memory in use after: 62.7 MB.

Unloading 5 unused Assets to reduce memory usage. Loaded Objects now: 1635.
Total: 2.830300 ms (FindLiveObjects: 0.391500 ms CreateObjectMapping: 0.067200 ms MarkObjects: 2.273300 ms  DeleteObjects: 0.095600 ms)

========================================================================
Received Import Request.
  Time since last request: 135.085811 seconds.
  path: Assets/Scenes/TitleScreen.unity
  artifactKey: Guid(abfefc5d6e3204a4ebc54d4e7b1cbabe) Importer(815301076,1909f56bfc062723c751e8b465ee728b)
Start importing Assets/Scenes/TitleScreen.unity using Guid(abfefc5d6e3204a4ebc54d4e7b1cbabe) Importer(815301076,1909f56bfc062723c751e8b465ee728b)  -> (artifact id: '2af5f078c87f065cbd8ee6a96ed7f87f') in 0.023677 seconds
  Import took 0.026594 seconds .

========================================================================
Received Prepare
Registering precompiled user dll's ...
Registered in 0.001033 seconds.
Begin MonoManager ReloadAssembly
Native extension for WindowsStandalone target not found
Refreshing native plugins compatible for Editor in 0.33 ms, found 0 plugins.
Preloading 0 native plugins for Editor in 0.00 ms.
Mono: successfully reloaded assembly
- Completed reload, in  1.283 seconds
Platform modules already initialized, skipping
Refreshing native plugins compatible for Editor in 0.38 ms, found 0 plugins.
Preloading 0 native plugins for Editor in 0.00 ms.
Unloading 1125 Unused Serialized files (Serialized files now loaded: 0)
System memory in use before: 62.6 MB.
System memory in use after: 62.7 MB.

Unloading 5 unused Assets to reduce memory usage. Loaded Objects now: 1638.
Total: 3.627700 ms (FindLiveObjects: 0.404100 ms CreateObjectMapping: 0.181600 ms MarkObjects: 2.955300 ms  DeleteObjects: 0.084600 ms)

========================================================================
Received Prepare
Registering precompiled user dll's ...
Registered in 0.001207 seconds.
Begin MonoManager ReloadAssembly
Native extension for WindowsStandalone target not found
Refreshing native plugins compatible for Editor in 0.53 ms, found 0 plugins.
Preloading 0 native plugins for Editor in 0.00 ms.
Mono: successfully reloaded assembly
- Completed reload, in  1.322 seconds
Platform modules already initialized, skipping
Refreshing native plugins compatible for Editor in 0.35 ms, found 0 plugins.
Preloading 0 native plugins for Editor in 0.00 ms.
Unloading 1125 Unused Serialized files (Serialized files now loaded: 0)
System memory in use before: 62.6 MB.
System memory in use after: 62.7 MB.

Unloading 5 unused Assets to reduce memory usage. Loaded Objects now: 1641.
Total: 2.287100 ms (FindLiveObjects: 0.284200 ms CreateObjectMapping: 0.079100 ms MarkObjects: 1.833600 ms  DeleteObjects: 0.087800 ms)

========================================================================
Received Prepare
Registering precompiled user dll's ...
Registered in 0.001486 seconds.
Begin MonoManager ReloadAssembly
Native extension for WindowsStandalone target not found
Refreshing native plugins compatible for Editor in 0.35 ms, found 0 plugins.
Preloading 0 native plugins for Editor in 0.00 ms.
Mono: successfully reloaded assembly
- Completed reload, in  1.255 seconds
Platform modules already initialized, skipping
Refreshing native plugins compatible for Editor in 0.41 ms, found 0 plugins.
Preloading 0 native plugins for Editor in 0.00 ms.
Unloading 1125 Unused Serialized files (Serialized files now loaded: 0)
System memory in use before: 62.6 MB.
System memory in use after: 62.7 MB.

Unloading 5 unused Assets to reduce memory usage. Loaded Objects now: 1644.
Total: 2.968800 ms (FindLiveObjects: 0.255000 ms CreateObjectMapping: 0.077500 ms MarkObjects: 2.513900 ms  DeleteObjects: 0.119200 ms)

========================================================================
Received Prepare
Registering precompiled user dll's ...
Registered in 0.001574 seconds.
Begin MonoManager ReloadAssembly
Native extension for WindowsStandalone target not found
Refreshing native plugins compatible for Editor in 0.63 ms, found 0 plugins.
Preloading 0 native plugins for Editor in 0.00 ms.
Mono: successfully reloaded assembly
- Completed reload, in  1.252 seconds
Platform modules already initialized, skipping
Refreshing native plugins compatible for Editor in 0.32 ms, found 0 plugins.
Preloading 0 native plugins for Editor in 0.00 ms.
Unloading 1125 Unused Serialized files (Serialized files now loaded: 0)
System memory in use before: 62.6 MB.
System memory in use after: 62.7 MB.

Unloading 5 unused Assets to reduce memory usage. Loaded Objects now: 1647.
Total: 3.241600 ms (FindLiveObjects: 0.437700 ms CreateObjectMapping: 0.125100 ms MarkObjects: 2.584500 ms  DeleteObjects: 0.092400 ms)

========================================================================
Received Import Request.
  Time since last request: 603.178615 seconds.
  path: Assets/Scenes/TitleScreen.unity
  artifactKey: Guid(abfefc5d6e3204a4ebc54d4e7b1cbabe) Importer(815301076,1909f56bfc062723c751e8b465ee728b)
Start importing Assets/Scenes/TitleScreen.unity using Guid(abfefc5d6e3204a4ebc54d4e7b1cbabe) Importer(815301076,1909f56bfc062723c751e8b465ee728b)  -> (artifact id: '098c0bee02266d0c59e5db7d6e06b0fc') in 0.024244 seconds
  Import took 0.027808 seconds .

========================================================================
Received Import Request.
  Time since last request: 0.000831 seconds.
  path: Assets/Scenes/TitleScreen.unity
  artifactKey: Guid(abfefc5d6e3204a4ebc54d4e7b1cbabe) Importer(815301076,1909f56bfc062723c751e8b465ee728b)
Start importing Assets/Scenes/TitleScreen.unity using Guid(abfefc5d6e3204a4ebc54d4e7b1cbabe) Importer(815301076,1909f56bfc062723c751e8b465ee728b)  -> (artifact id: '098c0bee02266d0c59e5db7d6e06b0fc') in 0.010823 seconds
  Import took 0.014734 seconds .

========================================================================
Received Prepare
Registering precompiled user dll's ...
Registered in 0.001040 seconds.
Begin MonoManager ReloadAssembly
Native extension for WindowsStandalone target not found
Refreshing native plugins compatible for Editor in 0.32 ms, found 0 plugins.
Preloading 0 native plugins for Editor in 0.00 ms.
Mono: successfully reloaded assembly
- Completed reload, in  1.115 seconds
Platform modules already initialized, skipping
Refreshing native plugins compatible for Editor in 0.33 ms, found 0 plugins.
Preloading 0 native plugins for Editor in 0.00 ms.
Unloading 1125 Unused Serialized files (Serialized files now loaded: 0)
System memory in use before: 62.7 MB.
System memory in use after: 62.7 MB.

Unloading 5 unused Assets to reduce memory usage. Loaded Objects now: 1650.
Total: 2.047600 ms (FindLiveObjects: 0.226900 ms CreateObjectMapping: 0.057000 ms MarkObjects: 1.685700 ms  DeleteObjects: 0.075900 ms)

========================================================================
Received Import Request.
  Time since last request: 46.760343 seconds.
  path: Assets/Scenes/Main.unity
  artifactKey: Guid(65780401eb30f4f49adcc84c4ab75464) Importer(815301076,1909f56bfc062723c751e8b465ee728b)
Start importing Assets/Scenes/Main.unity using Guid(65780401eb30f4f49adcc84c4ab75464) Importer(815301076,1909f56bfc062723c751e8b465ee728b)  -> (artifact id: '45036b4f77f1b2b6e6feb5908d244100') in 0.023569 seconds
  Import took 0.027409 seconds .

